0 info it worked if it ends with ok
1 verbose cli [ 'C:\\Program Files\\nodejs\\node.exe',
1 verbose cli   'C:\\Program Files\\nodejs\\node_modules\\npm\\bin\\npm-cli.js',
1 verbose cli   'run',
1 verbose cli   'test-watch' ]
2 info using npm@3.10.10
3 info using node@v6.11.2
4 verbose run-script [ 'pretest-watch', 'test-watch', 'posttest-watch' ]
5 info lifecycle todao-api@1.0.0~pretest-watch: todao-api@1.0.0
6 silly lifecycle todao-api@1.0.0~pretest-watch: no script for pretest-watch, continuing
7 info lifecycle todao-api@1.0.0~test-watch: todao-api@1.0.0
8 verbose lifecycle todao-api@1.0.0~test-watch: unsafe-perm in lifecycle true
9 verbose lifecycle todao-api@1.0.0~test-watch: PATH: C:\Program Files\nodejs\node_modules\npm\bin\node-gyp-bin;D:\Vipul\Tutorial\Node JS\learn-node\node-todao-api\node_modules\.bin;C:\Program Files (x86)\NVIDIA Corporation\PhysX\Common;C:\Windows\system32;C:\Windows;C:\Windows\System32\Wbem;C:\Windows\System32\WindowsPowerShell\v1.0\;C:\Program Files (x86)\Skype\Phone\;C:\Program Files\Git\cmd;C:\Program Files\nodejs\;C:\xampp\php\php.exe;C:\Users\volcone-pc\AppData\Roaming\npm
10 verbose lifecycle todao-api@1.0.0~test-watch: CWD: D:\Vipul\Tutorial\Node JS\learn-node\node-todao-api
11 silly lifecycle todao-api@1.0.0~test-watch: Args: [ '/d /s /c', 'nodemon --exec "npm test"' ]
12 silly lifecycle todao-api@1.0.0~test-watch: Returned: code: 3221225786  signal: null
13 info lifecycle todao-api@1.0.0~test-watch: Failed to exec test-watch script
14 verbose stack Error: todao-api@1.0.0 test-watch: `nodemon --exec "npm test"`
14 verbose stack Exit status 3221225786
14 verbose stack     at EventEmitter.<anonymous> (C:\Program Files\nodejs\node_modules\npm\lib\utils\lifecycle.js:255:16)
14 verbose stack     at emitTwo (events.js:106:13)
14 verbose stack     at EventEmitter.emit (events.js:191:7)
14 verbose stack     at ChildProcess.<anonymous> (C:\Program Files\nodejs\node_modules\npm\lib\utils\spawn.js:40:14)
14 verbose stack     at emitTwo (events.js:106:13)
14 verbose stack     at ChildProcess.emit (events.js:191:7)
14 verbose stack     at maybeClose (internal/child_process.js:891:16)
14 verbose stack     at Process.ChildProcess._handle.onexit (internal/child_process.js:226:5)
15 verbose pkgid todao-api@1.0.0
16 verbose cwd D:\Vipul\Tutorial\Node JS\learn-node\node-todao-api
17 error Windows_NT 6.3.9600
18 error argv "C:\\Program Files\\nodejs\\node.exe" "C:\\Program Files\\nodejs\\node_modules\\npm\\bin\\npm-cli.js" "run" "test-watch"
19 error node v6.11.2
20 error npm  v3.10.10
21 error code ELIFECYCLE
22 error todao-api@1.0.0 test-watch: `nodemon --exec "npm test"`
22 error Exit status 3221225786
23 error Failed at the todao-api@1.0.0 test-watch script 'nodemon --exec "npm test"'.
23 error Make sure you have the latest version of node.js and npm installed.
23 error If you do, this is most likely a problem with the todao-api package,
23 error not with npm itself.
23 error Tell the author that this fails on your system:
23 error     nodemon --exec "npm test"
23 error You can get information on how to open an issue for this project with:
23 error     npm bugs todao-api
23 error Or if that isn't available, you can get their info via:
23 error     npm owner ls todao-api
23 error There is likely additional logging output above.
24 verbose exit [ 1, true ]
